<?xml version="1.0" encoding="UTF-8"?>
<!-- Generated by org.testng.reporters.JUnitReportReporter -->
<testsuite hostname="DESKTOP-GSF0NSK" failures="0" tests="3" name="demo.trelloAPI" time="12.265" errors="0" timestamp="2023-05-16T17:31:23 IST" skipped="0">
  <testcase classname="demo.trelloAPI" name="createBoard" time="9.634"/>
  <system-out/>
  <testcase classname="demo.trelloAPI" name="updateBoard" time="0.917"/>
  <system-out/>
  <testcase classname="demo.trelloAPI" name="deleteBoard" time="1.714"/>
  <system-out/>
</testsuite> <!-- demo.trelloAPI -->
