<?xml version="1.0" encoding="UTF-8"?>
<!-- Generated by org.testng.reporters.JUnitReportReporter -->
<testsuite hostname="DESKTOP-GSF0NSK" failures="0" tests="1" name="demo.unittest" time="0.025" errors="0" timestamp="2023-04-27T15:48:39 IST" skipped="0">
  <testcase classname="demo.unittest" name="testcase" time="0.025"/>
  <system-out/>
</testsuite> <!-- demo.unittest -->
