<?xml version="1.0" encoding="UTF-8"?>
<!-- Generated by org.testng.reporters.JUnitReportReporter -->
<testsuite hostname="DESKTOP-GSF0NSK" failures="0" tests="2" name="demo.trelloAPI" time="8.337" errors="0" timestamp="2023-04-28T11:45:23 IST" skipped="0">
  <testcase classname="demo.trelloAPI" name="createBoard" time="7.494"/>
  <system-out/>
  <testcase classname="demo.trelloAPI" name="updateBoard" time="0.843"/>
  <system-out/>
</testsuite> <!-- demo.trelloAPI -->
