<?xml version="1.0" encoding="UTF-8"?>
<testsuite xmlns:xsi="http://www.w3.org/2001/XMLSchema-instance" xsi:noNamespaceSchemaLocation="https://maven.apache.org/surefire/maven-surefire-plugin/xsd/surefire-test-report-3.0.xsd" version="3.0" name="TestSuite" time="14.011" tests="3" errors="0" skipped="0" failures="0">
  <properties>
    <property name="java.specification.version" value="17"/>
    <property name="sun.cpu.isalist" value="amd64"/>
    <property name="sun.jnu.encoding" value="Cp1252"/>
    <property name="java.class.path" value="C:\Users\sudipta pramanik\Documents\workspace-spring-tool-suite-4-4.18.0.RELEASE\RA_demo_api\target\test-classes;C:\Users\sudipta pramanik\Documents\workspace-spring-tool-suite-4-4.18.0.RELEASE\RA_demo_api\target\classes;C:\Users\sudipta pramanik\.m2\repository\io\rest-assured\rest-assured\5.3.0\rest-assured-5.3.0.jar;C:\Users\sudipta pramanik\.m2\repository\org\apache\groovy\groovy\4.0.6\groovy-4.0.6.jar;C:\Users\sudipta pramanik\.m2\repository\org\apache\groovy\groovy-xml\4.0.6\groovy-xml-4.0.6.jar;C:\Users\sudipta pramanik\.m2\repository\org\apache\httpcomponents\httpclient\4.5.13\httpclient-4.5.13.jar;C:\Users\sudipta pramanik\.m2\repository\org\apache\httpcomponents\httpcore\4.4.13\httpcore-4.4.13.jar;C:\Users\sudipta pramanik\.m2\repository\commons-logging\commons-logging\1.2\commons-logging-1.2.jar;C:\Users\sudipta pramanik\.m2\repository\commons-codec\commons-codec\1.11\commons-codec-1.11.jar;C:\Users\sudipta pramanik\.m2\repository\org\apache\httpcomponents\httpmime\4.5.13\httpmime-4.5.13.jar;C:\Users\sudipta pramanik\.m2\repository\org\hamcrest\hamcrest\2.1\hamcrest-2.1.jar;C:\Users\sudipta pramanik\.m2\repository\org\ccil\cowan\tagsoup\tagsoup\1.2.1\tagsoup-1.2.1.jar;C:\Users\sudipta pramanik\.m2\repository\io\rest-assured\json-path\5.3.0\json-path-5.3.0.jar;C:\Users\sudipta pramanik\.m2\repository\org\apache\groovy\groovy-json\4.0.6\groovy-json-4.0.6.jar;C:\Users\sudipta pramanik\.m2\repository\io\rest-assured\rest-assured-common\5.3.0\rest-assured-common-5.3.0.jar;C:\Users\sudipta pramanik\.m2\repository\io\rest-assured\xml-path\5.3.0\xml-path-5.3.0.jar;C:\Users\sudipta pramanik\.m2\repository\org\apache\commons\commons-lang3\3.11\commons-lang3-3.11.jar;C:\Users\sudipta pramanik\.m2\repository\io\rest-assured\json-schema-validator\5.3.0\json-schema-validator-5.3.0.jar;C:\Users\sudipta pramanik\.m2\repository\com\github\java-json-tools\json-schema-validator\2.2.14\json-schema-validator-2.2.14.jar;C:\Users\sudipta pramanik\.m2\repository\com\google\guava\guava\28.2-android\guava-28.2-android.jar;C:\Users\sudipta pramanik\.m2\repository\com\google\guava\failureaccess\1.0.1\failureaccess-1.0.1.jar;C:\Users\sudipta pramanik\.m2\repository\com\google\guava\listenablefuture\9999.0-empty-to-avoid-conflict-with-guava\listenablefuture-9999.0-empty-to-avoid-conflict-with-guava.jar;C:\Users\sudipta pramanik\.m2\repository\org\checkerframework\checker-compat-qual\2.5.5\checker-compat-qual-2.5.5.jar;C:\Users\sudipta pramanik\.m2\repository\com\google\errorprone\error_prone_annotations\2.3.4\error_prone_annotations-2.3.4.jar;C:\Users\sudipta pramanik\.m2\repository\com\google\j2objc\j2objc-annotations\1.3\j2objc-annotations-1.3.jar;C:\Users\sudipta pramanik\.m2\repository\com\github\java-json-tools\jackson-coreutils-equivalence\1.0\jackson-coreutils-equivalence-1.0.jar;C:\Users\sudipta pramanik\.m2\repository\com\fasterxml\jackson\core\jackson-databind\2.11.0\jackson-databind-2.11.0.jar;C:\Users\sudipta pramanik\.m2\repository\com\fasterxml\jackson\core\jackson-annotations\2.11.0\jackson-annotations-2.11.0.jar;C:\Users\sudipta pramanik\.m2\repository\com\fasterxml\jackson\core\jackson-core\2.11.0\jackson-core-2.11.0.jar;C:\Users\sudipta pramanik\.m2\repository\com\github\java-json-tools\jackson-coreutils\2.0\jackson-coreutils-2.0.jar;C:\Users\sudipta pramanik\.m2\repository\com\github\java-json-tools\msg-simple\1.2\msg-simple-1.2.jar;C:\Users\sudipta pramanik\.m2\repository\com\github\java-json-tools\btf\1.3\btf-1.3.jar;C:\Users\sudipta pramanik\.m2\repository\com\github\java-json-tools\json-schema-core\1.2.14\json-schema-core-1.2.14.jar;C:\Users\sudipta pramanik\.m2\repository\com\github\java-json-tools\uri-template\0.10\uri-template-0.10.jar;C:\Users\sudipta pramanik\.m2\repository\org\mozilla\rhino\1.7.7.2\rhino-1.7.7.2.jar;C:\Users\sudipta pramanik\.m2\repository\com\sun\mail\mailapi\1.6.2\mailapi-1.6.2.jar;C:\Users\sudipta pramanik\.m2\repository\joda-time\joda-time\2.10.5\joda-time-2.10.5.jar;C:\Users\sudipta pramanik\.m2\repository\com\googlecode\libphonenumber\libphonenumber\8.11.1\libphonenumber-8.11.1.jar;C:\Users\sudipta pramanik\.m2\repository\com\google\code\findbugs\jsr305\3.0.2\jsr305-3.0.2.jar;C:\Users\sudipta pramanik\.m2\repository\net\sf\jopt-simple\jopt-simple\5.0.4\jopt-simple-5.0.4.jar;C:\Users\sudipta pramanik\.m2\repository\org\testng\testng\7.7.1\testng-7.7.1.jar;C:\Users\sudipta pramanik\.m2\repository\org\slf4j\slf4j-api\1.7.36\slf4j-api-1.7.36.jar;C:\Users\sudipta pramanik\.m2\repository\com\beust\jcommander\1.82\jcommander-1.82.jar;C:\Users\sudipta pramanik\.m2\repository\org\webjars\jquery\3.6.1\jquery-3.6.1.jar;C:\Users\sudipta pramanik\.m2\repository\junit\junit\4.13\junit-4.13.jar;C:\Users\sudipta pramanik\.m2\repository\org\hamcrest\hamcrest-core\1.3\hamcrest-core-1.3.jar;"/>
    <property name="java.vm.vendor" value="Eclipse Adoptium"/>
    <property name="sun.arch.data.model" value="64"/>
    <property name="user.variant" value=""/>
    <property name="java.vendor.url" value="https://adoptium.net/"/>
    <property name="user.timezone" value="Asia/Calcutta"/>
    <property name="os.name" value="Windows 10"/>
    <property name="java.vm.specification.version" value="17"/>
    <property name="sun.java.launcher" value="SUN_STANDARD"/>
    <property name="user.country" value="IN"/>
    <property name="sun.boot.library.path" value="C:\Users\sudipta pramanik\Downloads\sts-4.18.0.RELEASE\plugins\org.eclipse.justj.openjdk.hotspot.jre.full.win32.x86_64_17.0.6.v20230204-1729\jre\bin"/>
    <property name="sun.java.command" value="C:\Users\sudipta pramanik\AppData\Local\Temp\surefire10921715964838263787\surefirebooter17210146093019262349.jar C:\Users\sudipta pramanik\AppData\Local\Temp\surefire10921715964838263787 2023-05-16T17-31-04_650-jvmRun1 surefire8370932396887157315tmp surefire_010654883148219973411tmp"/>
    <property name="jdk.debug" value="release"/>
    <property name="surefire.test.class.path" value="C:\Users\sudipta pramanik\Documents\workspace-spring-tool-suite-4-4.18.0.RELEASE\RA_demo_api\target\test-classes;C:\Users\sudipta pramanik\Documents\workspace-spring-tool-suite-4-4.18.0.RELEASE\RA_demo_api\target\classes;C:\Users\sudipta pramanik\.m2\repository\io\rest-assured\rest-assured\5.3.0\rest-assured-5.3.0.jar;C:\Users\sudipta pramanik\.m2\repository\org\apache\groovy\groovy\4.0.6\groovy-4.0.6.jar;C:\Users\sudipta pramanik\.m2\repository\org\apache\groovy\groovy-xml\4.0.6\groovy-xml-4.0.6.jar;C:\Users\sudipta pramanik\.m2\repository\org\apache\httpcomponents\httpclient\4.5.13\httpclient-4.5.13.jar;C:\Users\sudipta pramanik\.m2\repository\org\apache\httpcomponents\httpcore\4.4.13\httpcore-4.4.13.jar;C:\Users\sudipta pramanik\.m2\repository\commons-logging\commons-logging\1.2\commons-logging-1.2.jar;C:\Users\sudipta pramanik\.m2\repository\commons-codec\commons-codec\1.11\commons-codec-1.11.jar;C:\Users\sudipta pramanik\.m2\repository\org\apache\httpcomponents\httpmime\4.5.13\httpmime-4.5.13.jar;C:\Users\sudipta pramanik\.m2\repository\org\hamcrest\hamcrest\2.1\hamcrest-2.1.jar;C:\Users\sudipta pramanik\.m2\repository\org\ccil\cowan\tagsoup\tagsoup\1.2.1\tagsoup-1.2.1.jar;C:\Users\sudipta pramanik\.m2\repository\io\rest-assured\json-path\5.3.0\json-path-5.3.0.jar;C:\Users\sudipta pramanik\.m2\repository\org\apache\groovy\groovy-json\4.0.6\groovy-json-4.0.6.jar;C:\Users\sudipta pramanik\.m2\repository\io\rest-assured\rest-assured-common\5.3.0\rest-assured-common-5.3.0.jar;C:\Users\sudipta pramanik\.m2\repository\io\rest-assured\xml-path\5.3.0\xml-path-5.3.0.jar;C:\Users\sudipta pramanik\.m2\repository\org\apache\commons\commons-lang3\3.11\commons-lang3-3.11.jar;C:\Users\sudipta pramanik\.m2\repository\io\rest-assured\json-schema-validator\5.3.0\json-schema-validator-5.3.0.jar;C:\Users\sudipta pramanik\.m2\repository\com\github\java-json-tools\json-schema-validator\2.2.14\json-schema-validator-2.2.14.jar;C:\Users\sudipta pramanik\.m2\repository\com\google\guava\guava\28.2-android\guava-28.2-android.jar;C:\Users\sudipta pramanik\.m2\repository\com\google\guava\failureaccess\1.0.1\failureaccess-1.0.1.jar;C:\Users\sudipta pramanik\.m2\repository\com\google\guava\listenablefuture\9999.0-empty-to-avoid-conflict-with-guava\listenablefuture-9999.0-empty-to-avoid-conflict-with-guava.jar;C:\Users\sudipta pramanik\.m2\repository\org\checkerframework\checker-compat-qual\2.5.5\checker-compat-qual-2.5.5.jar;C:\Users\sudipta pramanik\.m2\repository\com\google\errorprone\error_prone_annotations\2.3.4\error_prone_annotations-2.3.4.jar;C:\Users\sudipta pramanik\.m2\repository\com\google\j2objc\j2objc-annotations\1.3\j2objc-annotations-1.3.jar;C:\Users\sudipta pramanik\.m2\repository\com\github\java-json-tools\jackson-coreutils-equivalence\1.0\jackson-coreutils-equivalence-1.0.jar;C:\Users\sudipta pramanik\.m2\repository\com\fasterxml\jackson\core\jackson-databind\2.11.0\jackson-databind-2.11.0.jar;C:\Users\sudipta pramanik\.m2\repository\com\fasterxml\jackson\core\jackson-annotations\2.11.0\jackson-annotations-2.11.0.jar;C:\Users\sudipta pramanik\.m2\repository\com\fasterxml\jackson\core\jackson-core\2.11.0\jackson-core-2.11.0.jar;C:\Users\sudipta pramanik\.m2\repository\com\github\java-json-tools\jackson-coreutils\2.0\jackson-coreutils-2.0.jar;C:\Users\sudipta pramanik\.m2\repository\com\github\java-json-tools\msg-simple\1.2\msg-simple-1.2.jar;C:\Users\sudipta pramanik\.m2\repository\com\github\java-json-tools\btf\1.3\btf-1.3.jar;C:\Users\sudipta pramanik\.m2\repository\com\github\java-json-tools\json-schema-core\1.2.14\json-schema-core-1.2.14.jar;C:\Users\sudipta pramanik\.m2\repository\com\github\java-json-tools\uri-template\0.10\uri-template-0.10.jar;C:\Users\sudipta pramanik\.m2\repository\org\mozilla\rhino\1.7.7.2\rhino-1.7.7.2.jar;C:\Users\sudipta pramanik\.m2\repository\com\sun\mail\mailapi\1.6.2\mailapi-1.6.2.jar;C:\Users\sudipta pramanik\.m2\repository\joda-time\joda-time\2.10.5\joda-time-2.10.5.jar;C:\Users\sudipta pramanik\.m2\repository\com\googlecode\libphonenumber\libphonenumber\8.11.1\libphonenumber-8.11.1.jar;C:\Users\sudipta pramanik\.m2\repository\com\google\code\findbugs\jsr305\3.0.2\jsr305-3.0.2.jar;C:\Users\sudipta pramanik\.m2\repository\net\sf\jopt-simple\jopt-simple\5.0.4\jopt-simple-5.0.4.jar;C:\Users\sudipta pramanik\.m2\repository\org\testng\testng\7.7.1\testng-7.7.1.jar;C:\Users\sudipta pramanik\.m2\repository\org\slf4j\slf4j-api\1.7.36\slf4j-api-1.7.36.jar;C:\Users\sudipta pramanik\.m2\repository\com\beust\jcommander\1.82\jcommander-1.82.jar;C:\Users\sudipta pramanik\.m2\repository\org\webjars\jquery\3.6.1\jquery-3.6.1.jar;C:\Users\sudipta pramanik\.m2\repository\junit\junit\4.13\junit-4.13.jar;C:\Users\sudipta pramanik\.m2\repository\org\hamcrest\hamcrest-core\1.3\hamcrest-core-1.3.jar;"/>
    <property name="sun.cpu.endian" value="little"/>
    <property name="user.home" value="C:\Users\sudipta pramanik"/>
    <property name="user.language" value="en"/>
    <property name="java.specification.vendor" value="Oracle Corporation"/>
    <property name="java.version.date" value="2023-01-17"/>
    <property name="java.home" value="C:\Users\sudipta pramanik\Downloads\sts-4.18.0.RELEASE\plugins\org.eclipse.justj.openjdk.hotspot.jre.full.win32.x86_64_17.0.6.v20230204-1729\jre"/>
    <property name="file.separator" value="\"/>
    <property name="style.color" value="always"/>
    <property name="basedir" value="C:\Users\sudipta pramanik\Documents\workspace-spring-tool-suite-4-4.18.0.RELEASE\RA_demo_api"/>
    <property name="java.vm.compressedOopsMode" value="32-bit"/>
    <property name="line.separator" value="&#10;"/>
    <property name="java.vm.specification.vendor" value="Oracle Corporation"/>
    <property name="java.specification.name" value="Java Platform API Specification"/>
    <property name="surefire.real.class.path" value="C:\Users\sudipta pramanik\AppData\Local\Temp\surefire10921715964838263787\surefirebooter17210146093019262349.jar"/>
    <property name="user.script" value=""/>
    <property name="sun.management.compiler" value="HotSpot 64-Bit Tiered Compilers"/>
    <property name="java.runtime.version" value="17.0.6+10"/>
    <property name="user.name" value="sudipta pramanik"/>
    <property name="path.separator" value=";"/>
    <property name="os.version" value="10.0"/>
    <property name="java.runtime.name" value="OpenJDK Runtime Environment"/>
    <property name="file.encoding" value="Cp1252"/>
    <property name="java.vm.name" value="OpenJDK 64-Bit Server VM"/>
    <property name="java.vendor.version" value="Temurin-17.0.6+10"/>
    <property name="localRepository" value="C:\Users\sudipta pramanik\.m2\repository"/>
    <property name="java.vendor.url.bug" value="https://github.com/adoptium/adoptium-support/issues"/>
    <property name="java.io.tmpdir" value="C:\Users\SUDIPT~1\AppData\Local\Temp\"/>
    <property name="java.version" value="17.0.6"/>
    <property name="user.dir" value="C:\Users\sudipta pramanik\Documents\workspace-spring-tool-suite-4-4.18.0.RELEASE\RA_demo_api"/>
    <property name="os.arch" value="amd64"/>
    <property name="java.vm.specification.name" value="Java Virtual Machine Specification"/>
    <property name="sun.os.patch.level" value=""/>
    <property name="native.encoding" value="Cp1252"/>
    <property name="java.library.path" value="C:\Users\sudipta pramanik\Downloads\sts-4.18.0.RELEASE\plugins\org.eclipse.justj.openjdk.hotspot.jre.full.win32.x86_64_17.0.6.v20230204-1729\jre\bin;C:\Windows\Sun\Java\bin;C:\Windows\system32;C:\Windows;C:/Users/sudipta pramanik/Downloads/sts-4.18.0.RELEASE//plugins/org.eclipse.justj.openjdk.hotspot.jre.full.win32.x86_64_17.0.6.v20230204-1729/jre/bin/server;C:/Users/sudipta pramanik/Downloads/sts-4.18.0.RELEASE//plugins/org.eclipse.justj.openjdk.hotspot.jre.full.win32.x86_64_17.0.6.v20230204-1729/jre/bin;C:\Windows\system32;C:\Windows;C:\Windows\System32\Wbem;C:\Windows\System32\WindowsPowerShell\v1.0\;C:\Windows\System32\OpenSSH\;C:\Program Files\Git\cmd;C:\Program Files\nodejs\;C:\Program Files\nodejs\node_modules\npm\bin;C:\Users\sudipta pramanik\AppData\Local\Android\Sdk\platform-tools;C:\Users\sudipta pramanik\AppData\Local\Android\Sdk\platforms;C:\Users\sudipta pramanik\AppData\Local\Android\Sdk\tools\bin;C:\Program Files\Java\jdk-17\bin;C:\Program Files\MySQL\MySQL Shell 8.0\bin\;C:\Users\sudipta pramanik\AppData\Local\Microsoft\WindowsApps;C:\Users\sudipta pramanik\AppData\Local\Programs\Microsoft VS Code\bin;C:\Users\sudipta pramanik\AppData\Roaming\npm;C:\Program Files\JetBrains\IntelliJ IDEA Community Edition 2022.3.3\bin;;C:\Program Files\JetBrains\PyCharm Community Edition 2023.1\bin;;C:\Users\sudipta pramanik\Downloads\sts-4.18.0.RELEASE;;."/>
    <property name="java.vm.info" value="mixed mode"/>
    <property name="java.vendor" value="Eclipse Adoptium"/>
    <property name="java.vm.version" value="17.0.6+10"/>
    <property name="sun.io.unicode.encoding" value="UnicodeLittle"/>
    <property name="java.class.version" value="61.0"/>
  </properties>
  <testcase name="createBoard" classname="demo.trelloAPI" time="9.639">
    <system-out><![CDATA[{"id":"6463708c744e78ae593ef280","name":"masai","desc":"","descData":null,"closed":false,"idOrganization":"64476e5210a8d761333da7a0","idEnterprise":null,"pinned":false,"url":"https://trello.com/b/C1gxvsyz/masai","shortUrl":"https://trello.com/b/C1gxvsyz","prefs":{"permissionLevel":"private","hideVotes":false,"voting":"disabled","comments":"members","invitations":"members","selfJoin":true,"cardCovers":true,"isTemplate":false,"cardAging":"regular","calendarFeedEnabled":false,"hiddenPluginBoardButtons":[],"switcherViews":[{"viewType":"Board","enabled":true,"_id":"6463708c744e78ae593ef281"},{"viewType":"Table","enabled":true,"_id":"6463708c744e78ae593ef282"},{"viewType":"Calendar","enabled":false,"_id":"6463708c744e78ae593ef283"},{"viewType":"Dashboard","enabled":false,"_id":"6463708c744e78ae593ef284"},{"viewType":"Timeline","enabled":false,"_id":"6463708c744e78ae593ef285"},{"viewType":"Map","enabled":false,"_id":"6463708c744e78ae593ef286"}],"background":"blue","backgroundColor":"#0079BF","backgroundImage":null,"backgroundImageScaled":null,"backgroundTile":false,"backgroundBrightness":"dark","backgroundBottomColor":"#0079BF","backgroundTopColor":"#0079BF","canBePublic":true,"canBeEnterprise":true,"canBeOrg":true,"canBePrivate":true,"canInvite":true},"labelNames":{"green":"","yellow":"","orange":"","red":"","purple":"","blue":"","sky":"","lime":"","pink":"","black":"","green_dark":"","yellow_dark":"","orange_dark":"","red_dark":"","purple_dark":"","blue_dark":"","sky_dark":"","lime_dark":"","pink_dark":"","black_dark":"","green_light":"","yellow_light":"","orange_light":"","red_light":"","purple_light":"","blue_light":"","sky_light":"","lime_light":"","pink_light":"","black_light":""},"limits":{}}
6463708c744e78ae593ef280
]]></system-out>
    <system-err><![CDATA[SLF4J: Failed to load class "org.slf4j.impl.StaticLoggerBinder".
SLF4J: Defaulting to no-operation (NOP) logger implementation
SLF4J: See http://www.slf4j.org/codes.html#StaticLoggerBinder for further details.
]]></system-err>
  </testcase>
  <testcase name="updateBoard" classname="demo.trelloAPI" time="0.924">
    <system-out><![CDATA[{"id":"6463708c744e78ae593ef280","name":"sudipta","desc":"i am a good boy","descData":{"emoji":{}},"closed":false,"idOrganization":"64476e5210a8d761333da7a0","idEnterprise":null,"pinned":false,"url":"https://trello.com/b/C1gxvsyz/sudipta","shortUrl":"https://trello.com/b/C1gxvsyz","prefs":{"permissionLevel":"private","hideVotes":false,"voting":"disabled","comments":"members","invitations":"members","selfJoin":true,"cardCovers":true,"isTemplate":false,"cardAging":"regular","calendarFeedEnabled":false,"hiddenPluginBoardButtons":[],"switcherViews":[{"viewType":"Board","enabled":true,"_id":"6463708c744e78ae593ef281"},{"viewType":"Table","enabled":true,"_id":"6463708c744e78ae593ef282"},{"viewType":"Calendar","enabled":false,"_id":"6463708c744e78ae593ef283"},{"viewType":"Dashboard","enabled":false,"_id":"6463708c744e78ae593ef284"},{"viewType":"Timeline","enabled":false,"_id":"6463708c744e78ae593ef285"},{"viewType":"Map","enabled":false,"_id":"6463708c744e78ae593ef286"}],"background":"blue","backgroundColor":"#0079BF","backgroundImage":null,"backgroundImageScaled":null,"backgroundTile":false,"backgroundBrightness":"dark","backgroundBottomColor":"#0079BF","backgroundTopColor":"#0079BF","canBePublic":true,"canBeEnterprise":true,"canBeOrg":true,"canBePrivate":true,"canInvite":true},"labelNames":{"green":"","yellow":"","orange":"","red":"","purple":"","blue":"","sky":"","lime":"","pink":"","black":"","green_dark":"","yellow_dark":"","orange_dark":"","red_dark":"","purple_dark":"","blue_dark":"","sky_dark":"","lime_dark":"","pink_dark":"","black_dark":"","green_light":"","yellow_light":"","orange_light":"","red_light":"","purple_light":"","blue_light":"","sky_light":"","lime_light":"","pink_light":"","black_light":""}}
sudipta
]]></system-out>
  </testcase>
  <testcase name="deleteBoard" classname="demo.trelloAPI" time="1.714"/>
</testsuite>